
========================================================= 4d7f3a4d1e2ab35be22c2e58b8029a11
219 219 219 219  - examples/pstack.log
219 219 219 219  - totals
#0  0x00007fd9d542f113 in poll () from /lib64/libc.so.6
#1  0x0000000003d94238 in svc::Socket::_wait(unsigned int, bool, bool, char const*) const ()
#2  0x0000000003d959ed in svc::Socket::recv(char*, char*, unsigned int) ()
#3  0x0000000003d95df0 in svc::Sockbuf::underflow() ()
#4  0x0000000003d8eeb9 in svc::Sockbuf::xsgetn(char*, long) ()
#5  0x00000000017743d5 in xdmp::XDQPClientConnection::recv(xdmp::XDQPClientListener const&, std::vector<unsigned int, std::allocator<unsigned int> >&, long*) ()
#6  0x0000000001785607 in xdmp::XDQPClientConnection::run(xdmp::XDQPClientListener&) ()
#7  0x0000000001787a24 in xdmp::XDQPClientConnectionThread::run() ()
#8  0x0000000003da4073 in svc::Thread::top() ()
#9  0x0000000003da4bd9 in runThread ()
#10 0x00007fd9d5da2aa1 in start_thread () from /lib64/libpthread.so.0
#11 0x00007fd9d543893d in clone () from /lib64/libc.so.6

========================================================= cf127085f3d42a589b376f0140b64580
219 219 218 219  - examples/pstack.log
219 219 218 219  - totals
#0  0x00007fd9d542f113 in poll () from /lib64/libc.so.6
#1  0x0000000003d94238 in svc::Socket::_wait(unsigned int, bool, bool, char const*) const ()
#2  0x0000000003d959ed in svc::Socket::recv(char*, char*, unsigned int) ()
#3  0x0000000003d95df0 in svc::Sockbuf::underflow() ()
#4  0x0000000003d8eeb9 in svc::Sockbuf::xsgetn(char*, long) ()
#5  0x0000000003a22c47 in xdmp::XDQPServerConnection::recv(xdmp::XDQPServerListener const&, std::vector<unsigned int, std::allocator<unsigned int> >&) ()
#6  0x0000000003a76fc4 in xdmp::XDQPServerConnection::run() ()
#7  0x0000000003a7a7fd in xdmp::XDQPServerConnectionThread::run() ()
#8  0x0000000003da4073 in svc::Thread::top() ()
#9  0x0000000003da4bd9 in runThread ()
#10 0x00007fd9d5da2aa1 in start_thread () from /lib64/libpthread.so.0
#11 0x00007fd9d543893d in clone () from /lib64/libc.so.6

========================================================= aa62d87f1d0742b1e028048d06b75891
138 157 196 214  - examples/pstack.log
138 157 196 214  - totals
#0  0x00007fd9d5da8a00 in sem_wait () from /lib64/libpthread.so.0
#1  0x0000000003d86673 in svc::Semaphore::wait(bool) const ()
#2  0x0000000003da6c64 in svc::PooledThread::run() ()
#3  0x0000000003da4073 in svc::Thread::top() ()
#4  0x0000000003da4bd9 in runThread ()
#5  0x00007fd9d5da2aa1 in start_thread () from /lib64/libpthread.so.0
#6  0x00007fd9d543893d in clone () from /lib64/libc.so.6

========================================================= 9b27da58dd74cfe71955270ddd0afa6a
19 19 19 19  - examples/pstack.log
19 19 19 19  - totals
#0  0x00007fd9d5da9b2d in accept () from /lib64/libpthread.so.0
#1  0x0000000003d98531 in svc::Socket::accept(sockaddr_in&) ()
#2  0x0000000003a01344 in xdmp::XDBCServerThread::run() ()
#3  0x0000000003da4073 in svc::Thread::top() ()
#4  0x0000000003da4bd9 in runThread ()
#5  0x00007fd9d5da2aa1 in start_thread () from /lib64/libpthread.so.0
#6  0x00007fd9d543893d in clone () from /lib64/libc.so.6

========================================================= b2e1ed46fedd9a81941f6f6e9d3442f3
13 13 13 13  - examples/pstack.log
13 13 13 13  - totals
#0  0x00007fd9d5da9b2d in accept () from /lib64/libpthread.so.0
#1  0x0000000003d98531 in svc::Socket::accept(sockaddr_in&) ()
#2  0x0000000002015548 in xdmp::AppServerThread::run() ()
#3  0x0000000003da4073 in svc::Thread::top() ()
#4  0x0000000003da4bd9 in runThread ()
#5  0x00007fd9d5da2aa1 in start_thread () from /lib64/libpthread.so.0
#6  0x00007fd9d543893d in clone () from /lib64/libc.so.6

========================================================= b1c171bc563b796d3df0b348d3f52346
4 8 7 4  - examples/pstack.log
4 8 7 4  - totals
#0  0x00007fd9d542f113 in poll () from /lib64/libc.so.6
#1  0x0000000003d94238 in svc::Socket::_wait(unsigned int, bool, bool, char const*) const ()
#2  0x0000000003d9439f in svc::Socket::wait(unsigned int) const ()
#3  0x00000000039e7f0d in xdmp::XDBCKeepAliveTask::run() ()
#4  0x0000000003da6df5 in svc::PooledThread::run() ()
#5  0x0000000003da4073 in svc::Thread::top() ()
#6  0x0000000003da4bd9 in runThread ()
#7  0x00007fd9d5da2aa1 in start_thread () from /lib64/libpthread.so.0
#8  0x00007fd9d543893d in clone () from /lib64/libc.so.6

========================================================= 8f7a45f90c21368d364718ac5473ec83
4 4 4 4  - examples/pstack.log
4 4 4 4  - totals
#0  0x00007fd9d5da8a00 in sem_wait () from /lib64/libpthread.so.0
#1  0x0000000003d86673 in svc::Semaphore::wait(bool) const ()
#2  0x0000000002a6e827 in xdmp::JournalConsumer::consumerThread() ()
#3  0x0000000003da4073 in svc::Thread::top() ()
#4  0x0000000003da4bd9 in runThread ()
#5  0x00007fd9d5da2aa1 in start_thread () from /lib64/libpthread.so.0
#6  0x00007fd9d543893d in clone () from /lib64/libc.so.6

========================================================= 718e1f6f993e0157a587b046e3179067
4 4 4 4  - examples/pstack.log
4 4 4 4  - totals
#0  0x00007fd9d5da8a00 in sem_wait () from /lib64/libpthread.so.0
#1  0x0000000003d86673 in svc::Semaphore::wait(bool) const ()
#2  0x0000000002a6b7d4 in xdmp::ForeignForestJournalConsumer::futureFinisherThread() ()
#3  0x0000000003da4073 in svc::Thread::top() ()
#4  0x0000000003da4bd9 in runThread ()
#5  0x00007fd9d5da2aa1 in start_thread () from /lib64/libpthread.so.0
#6  0x00007fd9d543893d in clone () from /lib64/libc.so.6

========================================================= 1a1f966034a14c4b18495e6fdd7349c5
2 2 2 2  - examples/pstack.log
2 2 2 2  - totals
#0  0x00007fd9d5da9b2d in accept () from /lib64/libpthread.so.0
#1  0x0000000003d98531 in svc::Socket::accept(sockaddr_in&) ()
#2  0x0000000003a837db in xdmp::XDQPServerThread::run() ()
#3  0x0000000003da4073 in svc::Thread::top() ()
#4  0x0000000003da4bd9 in runThread ()
#5  0x00007fd9d5da2aa1 in start_thread () from /lib64/libpthread.so.0
#6  0x00007fd9d543893d in clone () from /lib64/libc.so.6

========================================================= ad37e919555a960e9f7262d49c0a892a
1 1 1 1  - examples/pstack.log
1 1 1 1  - totals
#0  0x00007fd9d5daa00d in nanosleep () from /lib64/libpthread.so.0
#1  0x0000000003da3a51 in svc::Thread::sleep(unsigned int) ()
#2  0x00000000021f4d0a in xdmp::ClusterManager::clusterThread() ()
#3  0x0000000003da4073 in svc::Thread::top() ()
#4  0x0000000003da4bd9 in runThread ()
#5  0x00007fd9d5da2aa1 in start_thread () from /lib64/libpthread.so.0
#6  0x00007fd9d543893d in clone () from /lib64/libc.so.6

========================================================= b1d8404564061f1c4a0d6ea6c41fcac7
1 1 1 1  - examples/pstack.log
1 1 1 1  - totals
#0  0x00007fd9d5da8a00 in sem_wait () from /lib64/libpthread.so.0
#1  0x0000000003d86673 in svc::Semaphore::wait(bool) const ()
#2  0x0000000003da3d44 in svc::StarterThread::run() ()
#3  0x0000000003da4073 in svc::Thread::top() ()
#4  0x0000000003da4bd9 in runThread ()
#5  0x00007fd9d5da2aa1 in start_thread () from /lib64/libpthread.so.0
#6  0x00007fd9d543893d in clone () from /lib64/libc.so.6

========================================================= e69a76a842ab632cabf0750a60d1d34a
0 1 1 2  - examples/pstack.log
0 1 1 2  - totals
#0  0x00007fd9d5daa00d in nanosleep () from /lib64/libpthread.so.0
#1  0x0000000003da3a51 in svc::Thread::sleep(unsigned int) ()
#2  0x00000000033fce3f in xdmp::Server::backgroundLoop() ()
#3  0x000000000340d22c in xdmp::run() ()
#4  0x00000000034124bb in xdmp::daemon(int, char const**) ()
#5  0x00007fd9d536ed5d in __libc_start_main () from /lib64/libc.so.6
#6  0x0000000000b8d929 in _start ()

========================================================= 0146f6a57962cbf3b5a4acc40a36637b
1 1 0 1  - examples/pstack.log
1 1 0 1  - totals
#0  0x00007fd9d542f113 in poll () from /lib64/libc.so.6
#1  0x0000000003d94238 in svc::Socket::_wait(unsigned int, bool, bool, char const*) const ()
#2  0x0000000003d9615b in svc::Socket::connect(sockaddr_in const&, unsigned int) ()
#3  0x0000000001791d37 in xdmp::XDQPClientConnection::connect(xdmp::XDQPClientListener const&) ()
#4  0x000000000179b693 in xdmp::XDQPClientConnection::_send(xdmp::XDQPClientListener const&, char const*, char const*) ()
#5  0x000000000179c5cd in xdmp::XDQPClientConnection::send(xdmp::XDQPClientListener const&, char const*, char const*, bool) ()
#6  0x000000000179cea4 in xdmp::XDQPClientListener::send(std::vector<unsigned int, std::allocator<unsigned int> >&, unsigned long, unsigned long, long, bool) ()
#7  0x00000000017f1052 in xdmp::XDQPClient::heartbeat(unsigned long, unsigned long, xdmp::Heartbeat const&) ()
#8  0x00000000017f11b1 in xdmp::XDQPHost::heartbeat(svc::Handle<xdmp::Heartbeat> const&) ()
#9  0x00000000028b3da5 in xdmp::HeartbeatTask::run() ()
#10 0x0000000003da6df5 in svc::PooledThread::run() ()
#11 0x0000000003da4073 in svc::Thread::top() ()
#12 0x0000000003da4bd9 in runThread ()
#13 0x00007fd9d5da2aa1 in start_thread () from /lib64/libpthread.so.0
#14 0x00007fd9d543893d in clone () from /lib64/libc.so.6

========================================================= 987cc5f29253564c6c09cc926dba4072
4 0 0 0  - examples/pstack.log
4 0 0 0  - totals
#0  0x00007fd9d5da8a00 in sem_wait () from /lib64/libpthread.so.0
#1  0x0000000003d86673 in svc::Semaphore::wait(bool) const ()
#2  0x0000000001772b04 in xdmp::XDQPClientListener::finish(xdmp::XDQPClientResponse&, svc::Decoder&) ()
#3  0x000000000177cfec in xdmp::XDQPClientVoidFuture::_finish() ()
#4  0x0000000002a6a163 in xdmp::ForeignForestJournalConsumer::fastQueryTimestampTask() const ()
#5  0x0000000003da6df5 in svc::PooledThread::run() ()
#6  0x0000000003da4073 in svc::Thread::top() ()
#7  0x0000000003da4bd9 in runThread ()
#8  0x00007fd9d5da2aa1 in start_thread () from /lib64/libpthread.so.0
#9  0x00007fd9d543893d in clone () from /lib64/libc.so.6

========================================================= 247d9c73698fd31f892dc953b81d98d8
1 0 0 0  - examples/pstack.log
1 0 0 0  - totals
#0  0x00007fd9d5da8a00 in sem_wait () from /lib64/libpthread.so.0
#1  0x0000000003d86673 in svc::Semaphore::wait(bool) const ()
#2  0x0000000001772b04 in xdmp::XDQPClientListener::finish(xdmp::XDQPClientResponse&, svc::Decoder&) ()
#3  0x000000000184c1d6 in xdmp::XDQPClientFuture<xdmp::HBInfo, xdmp::EncodeTraits<xdmp::HBInfo>, xdmp::Future<xdmp::HBInfo> >::_finish() ()
#4  0x0000000003004f29 in xdmp::RecoveryManager::finishReplicaFutures(xdmp::Forest&, xdmp::RecoveryOp&, std::vector<svc::Handle<xdmp::Future<xdmp::HBInfo> >, std::allocator<svc::Handle<xdmp::Future<xdmp::HBInfo> > > >&, std::vector<unsigned long, std::allocator<unsigned long> >&) ()
#5  0x000000000301a738 in xdmp::RecoveryManager::_record(xdmp::Forest&, svc::Handle<xdmp::RecoveryOp>&, bool, bool, bool, bool, svc::PrioritySemtexSection&) ()
#6  0x000000000301da21 in xdmp::RecoveryManager::record(xdmp::Forest&, svc::Handle<xdmp::RecoveryOp>&, bool, bool, bool, bool) ()
#7  0x000000000250a12f in xdmp::Forest::fastQueryTimestampJournalTaskRun(unsigned long) ()
#8  0x0000000003da6df5 in svc::PooledThread::run() ()
#9  0x0000000003da4073 in svc::Thread::top() ()
#10 0x0000000003da4bd9 in runThread ()
#11 0x00007fd9d5da2aa1 in start_thread () from /lib64/libpthread.so.0
#12 0x00007fd9d543893d in clone () from /lib64/libc.so.6

========================================================= bc5b242c32b40d0f92a69f0634d73f99
1 0 0 0  - examples/pstack.log
1 0 0 0  - totals
#0  0x00007fd9d542f113 in poll () from /lib64/libc.so.6
#1  0x0000000003d94238 in svc::Socket::_wait(unsigned int, bool, bool, char const*) const ()
#2  0x0000000003d9439f in svc::Socket::wait(unsigned int) const ()
#3  0x0000000001fff404 in xdmp::AppKeepAliveTask::run() ()
#4  0x0000000003da6df5 in svc::PooledThread::run() ()
#5  0x0000000003da4073 in svc::Thread::top() ()
#6  0x0000000003da4bd9 in runThread ()
#7  0x00007fd9d5da2aa1 in start_thread () from /lib64/libpthread.so.0
#8  0x00007fd9d543893d in clone () from /lib64/libc.so.6

========================================================= 6a250e5c8bbf21c3116d5371bd43c465
1 0 0 0  - examples/pstack.log
1 0 0 0  - totals
#0  0x00000000024de0f8 in xdmp::HBInfo::encode(svc::Encoder&) const ()
#1  0x0000000003a4945e in xdmp::XDQPServerSession::replicateRecoveryOp(xdmp::XDQPServerRequest&) ()
#2  0x0000000003a801bd in xdmp::XDQPServerSession::run() ()
#3  0x0000000003da6df5 in svc::PooledThread::run() ()
#4  0x0000000003da4073 in svc::Thread::top() ()
#5  0x0000000003da4bd9 in runThread ()
#6  0x00007fd9d5da2aa1 in start_thread () from /lib64/libpthread.so.0
#7  0x00007fd9d543893d in clone () from /lib64/libc.so.6

========================================================= d124872e5d6d0204965270eea36275b5
1 0 0 0  - examples/pstack.log
1 0 0 0  - totals
#0  0x00007fd9d5da8a00 in sem_wait () from /lib64/libpthread.so.0
#1  0x0000000003d86673 in svc::Semaphore::wait(bool) const ()
#2  0x00000000036cf5d4 in xdmp::ConcurrentStandResultVectorFuture::_finish() ()
#3  0x00000000036e6f05 in xdmp::DocumentOrderLocatorIterator::DocumentOrderLocatorIterator(std::vector<svc::Handle<xdmp::StandResultVectorFuture>, std::allocator<svc::Handle<xdmp::StandResultVectorFuture> > > const&) ()
#4  0x00000000036e7391 in xdmp::DocumentOrderLocatorIteratorFuture::_finish() ()
#5  0x000000000236f7e0 in xdmp::DatabaseEvalFuture::_finish() ()
#6  0x0000000003a318dd in xdmp::XDQPServerSession::eval(xdmp::XDQPServerRequest&) ()
#7  0x0000000003a7ed48 in xdmp::XDQPServerSession::run() ()
#8  0x0000000003da6df5 in svc::PooledThread::run() ()
#9  0x0000000003da4073 in svc::Thread::top() ()
#10 0x0000000003da4bd9 in runThread ()
#11 0x00007fd9d5da2aa1 in start_thread () from /lib64/libpthread.so.0
#12 0x00007fd9d543893d in clone () from /lib64/libc.so.6

========================================================= 281cb97732eefc8d3d1f9425e6c5d103
1 0 0 0  - examples/pstack.log
1 0 0 0  - totals
#0  0x00007fd9d7d39392 in tcache_bin_flush_small () from /opt/MarkLogic/lib/libjemalloc.so.1
#1  0x00007fd9d7d39657 in tcache_destroy () from /opt/MarkLogic/lib/libjemalloc.so.1
#2  0x00007fd9d7d29805 in thread_tcache_flush_ctl () from /opt/MarkLogic/lib/libjemalloc.so.1
#3  0x00007fd9d7d2a658 in ctl_byname () from /opt/MarkLogic/lib/libjemalloc.so.1
#4  0x0000000003a7e50d in xdmp::XDQPServerSession::run() ()
#5  0x0000000003da6df5 in svc::PooledThread::run() ()
#6  0x0000000003da4073 in svc::Thread::top() ()
#7  0x0000000003da4bd9 in runThread ()
#8  0x00007fd9d5da2aa1 in start_thread () from /lib64/libpthread.so.0
#9  0x00007fd9d543893d in clone () from /lib64/libc.so.6

========================================================= 8df1053de258b04523f77b97285b9bc0
0 0 1 0  - examples/pstack.log
0 0 1 0  - totals
#0  0x0000000003a163ee in xdmp::decodeTimestamps ()
#1  0x0000000003a6b866 in xdmp::XDQPServerRequest::XDQPServerRequest(xdmp::XDQPServerListener const*, std::vector<unsigned int, std::allocator<unsigned int> >&) ()
#2  0x0000000003a76fe9 in xdmp::XDQPServerConnection::run() ()
#3  0x0000000003a7a7fd in xdmp::XDQPServerConnectionThread::run() ()
#4  0x0000000003da4073 in svc::Thread::top() ()
#5  0x0000000003da4bd9 in runThread ()
#6  0x00007fd9d5da2aa1 in start_thread () from /lib64/libpthread.so.0
#7  0x00007fd9d543893d in clone () from /lib64/libc.so.6

========================================================= 747ca1c54a4d7d95139ad42677f6014f
0 0 0 1  - examples/pstack.log
0 0 0 1  - totals
#0  0x00007fd9d5da8a00 in sem_wait () from /lib64/libpthread.so.0
#1  0x0000000003d86673 in svc::Semaphore::wait(bool) const ()
#2  0x0000000001772b04 in xdmp::XDQPClientListener::finish(xdmp::XDQPClientResponse&, svc::Decoder&) ()
#3  0x00000000017b59dc in xdmp::XDQPClientLocatorIteratorFuture::_finish() ()
#4  0x000000000236f7e0 in xdmp::DatabaseEvalFuture::_finish() ()
#5  0x0000000001af1900 in xdmp::PathExpr::_eval(xdmp::DynamicEnv&, std::vector<svc::Handle<xdmp::StepExpr>, std::allocator<svc::Handle<xdmp::StepExpr> > > const&, svc::Handle<xdmp::Value>&) const ()
#6  0x0000000001af2e6d in xdmp::PathExpr::eval(xdmp::DynamicEnv&, svc::Handle<xdmp::Value>&) const ()
#7  0x0000000001a5871c in xdmp::LetClause::flworEval(xdmp::FLWOREnv&, xdmp::FLWORExpr const&, unsigned long) const ()
#8  0x0000000001a5896c in xdmp::LetClause::flworEval(xdmp::FLWOREnv&, xdmp::FLWORExpr const&, unsigned long) const ()
#9  0x0000000001a31ca2 in xdmp::FLWORExpr::eval(xdmp::DynamicEnv&, svc::Handle<xdmp::Value>&) const ()
#10 0x0000000001a3ff96 in xdmp::FunctionCall::eval(xdmp::DynamicEnv&, svc::Handle<xdmp::Value>&) const ()
#11 0x0000000001a19f64 in xdmp::Expr::evalCompletely(xdmp::DynamicEnv&, svc::Handle<xdmp::Value>&) const ()
#12 0x00000000038a2048 in xdmp::TryCatchExpr::eval(xdmp::DynamicEnv&, svc::Handle<xdmp::Value>&) const ()
#13 0x0000000001a3b7b9 in xdmp::FunctionTailCall::evalTail(xdmp::DynamicEnv&, xdmp::ValueAccumulator&, svc::Handle<xdmp::TailCall>&) ()
#14 0x0000000001a3ff4f in xdmp::FunctionCall::eval(xdmp::DynamicEnv&, svc::Handle<xdmp::Value>&) const ()
#15 0x0000000001a5871c in xdmp::LetClause::flworEval(xdmp::FLWOREnv&, xdmp::FLWORExpr const&, unsigned long) const ()
#16 0x0000000001a5896c in xdmp::LetClause::flworEval(xdmp::FLWOREnv&, xdmp::FLWORExpr const&, unsigned long) const ()
#17 0x0000000001a5896c in xdmp::LetClause::flworEval(xdmp::FLWOREnv&, xdmp::FLWORExpr const&, unsigned long) const ()
#18 0x0000000001a5896c in xdmp::LetClause::flworEval(xdmp::FLWOREnv&, xdmp::FLWORExpr const&, unsigned long) const ()
#19 0x0000000001a314f5 in xdmp::FLWORExpr::evalTail(xdmp::DynamicEnv&, xdmp::ValueAccumulator&, svc::Handle<xdmp::TailCall>&) const ()
#20 0x0000000001a3b7b9 in xdmp::FunctionTailCall::evalTail(xdmp::DynamicEnv&, xdmp::ValueAccumulator&, svc::Handle<xdmp::TailCall>&) ()
#21 0x0000000001a36c21 in xdmp::StatementExpr::eval(xdmp::DynamicEnv&, svc::Handle<xdmp::Value>&) const ()
#22 0x0000000003ae8674 in xdmp::MainModule::eval(xdmp::DynamicEnv&, svc::Handle<xdmp::Value>&) const ()
#23 0x0000000003b1eac0 in xdmp::Statement::_eval(xdmp::DynamicEnv&, svc::Handle<xdmp::StaticEnv> const&, svc::Handle<xdmp::XSLTEnv> const&, xdmp::SPARQLEnv*, xdmp::Bool&) const ()
#24 0x0000000003b1f685 in xdmp::Statement::eval(xdmp::DynamicEnv&, svc::Handle<xdmp::StaticEnv> const&, svc::Handle<xdmp::XSLTEnv> const&, xdmp::SPARQLEnv*, char const*, bool) const ()
#25 0x0000000003b2049a in xdmp::Program::eval(xdmp::LocationInfo const&, xdmp::DynamicEnv&, svc::Handle<xdmp::StaticEnv> const&, svc::Handle<xdmp::XSLTEnv> const&, char const*, bool, bool, std::vector<svc::Handle<xdmp::Result>, std::allocator<svc::Handle<xdmp::Result> > >*) const ()
#26 0x00000000039f752f in xdmp::XDBCRequestTask::handleInvoke(xdmp::DynamicEnv&, svc::Handle<xdmp::StaticEnv> const&, svc::Handle<xdmp::XDBCRequest>&, bool, xdmp::Dialect) ()
#27 0x00000000039ff6ee in xdmp::XDBCRequestTask::handleRequest(svc::Handle<xdmp::XDBCRequest>&) ()
#28 0x0000000003a0773b in xdmp::XDBCRequestTask::run() ()
#29 0x0000000003da6df5 in svc::PooledThread::run() ()
#30 0x0000000003da4073 in svc::Thread::top() ()
#31 0x0000000003da4bd9 in runThread ()
#32 0x00007fd9d5da2aa1 in start_thread () from /lib64/libpthread.so.0
#33 0x00007fd9d543893d in clone () from /lib64/libc.so.6

========================================================= 8d324af1b5cdfa0120389a95c243b1fe
0 0 1 0  - examples/pstack.log
0 0 1 0  - totals
#0  0x0000000003684997 in xdmp::Stand::getDeletedFragmentCount(unsigned long) const ()
#1  0x0000000002b97841 in xdmp::PerfMeterTask::forestStatus(xdmp::LDHEnv&, std::vector<svc::Handle<xdmp::MeterDocument>, std::allocator<svc::Handle<xdmp::MeterDocument> > >&) ()
#2  0x0000000002ba4a6e in xdmp::PerfMeterTask::run() ()
#3  0x0000000003da6df5 in svc::PooledThread::run() ()
#4  0x0000000003da4073 in svc::Thread::top() ()
#5  0x0000000003da4bd9 in runThread ()
#6  0x00007fd9d5da2aa1 in start_thread () from /lib64/libpthread.so.0
#7  0x00007fd9d543893d in clone () from /lib64/libc.so.6
